<?xml version="1.0" encoding="UTF-8"?>
<Site BuildName="(empty)"
	BuildStamp="20240823-0013-Experimental"
	Name="tetra"
	Generator="ctest-3.22.1"
	CompilerName="/usr/bin/c++"
	CompilerVersion="11.4.0"
	OSName="Linux"
	Hostname="tetra"
	OSRelease="6.8.0-40-generic"
	OSVersion="#40~22.04.3-Ubuntu SMP PREEMPT_DYNAMIC Tue Jul 30 17:30:19 UTC 2"
	OSPlatform="x86_64"
	Is64Bits="1"
	VendorString="GenuineIntel"
	VendorID="Intel Corporation"
	FamilyID="6"
	ModelID="186"
	ProcessorCacheSize="12288"
	NumberOfLogicalCPU="12"
	NumberOfPhysicalCPU="10"
	TotalVirtualMemory="2047"
	TotalPhysicalMemory="15699"
	LogicalProcessorsPerPhysical="1"
	ProcessorClockFrequency="3800"
	>
	<Testing>
		<StartDateTime>Aug 23 09:13 KST</StartDateTime>
		<StartTestTime>1724372026</StartTestTime>
		<TestList/>
		<EndDateTime>Aug 23 09:13 KST</EndDateTime>
		<EndTestTime>1724372026</EndTestTime>
		<ElapsedMinutes>0</ElapsedMinutes>
	</Testing>
</Site>
