<?xml version="1.0" encoding="UTF-8"?>
<Site BuildName="(empty)"
	BuildStamp="20241107-0556-Experimental"
	Name="tetra"
	Generator="ctest-3.22.1"
	CompilerName="/usr/bin/c++"
	CompilerVersion="11.4.0"
	OSName="Linux"
	Hostname="tetra"
	OSRelease="6.8.0-48-generic"
	OSVersion="#48~22.04.1-Ubuntu SMP PREEMPT_DYNAMIC Mon Oct  7 11:24:13 UTC 2"
	OSPlatform="x86_64"
	Is64Bits="1"
	VendorString="GenuineIntel"
	VendorID="Intel Corporation"
	FamilyID="6"
	ModelID="186"
	ProcessorCacheSize="12288"
	NumberOfLogicalCPU="12"
	NumberOfPhysicalCPU="10"
	TotalVirtualMemory="2047"
	TotalPhysicalMemory="15699"
	LogicalProcessorsPerPhysical="1"
	ProcessorClockFrequency="1800.07"
	>
	<Testing>
		<StartDateTime>Nov 07 16:08 KST</StartDateTime>
		<StartTestTime>1730963291</StartTestTime>
		<TestList/>
		<EndDateTime>Nov 07 16:08 KST</EndDateTime>
		<EndTestTime>1730963291</EndTestTime>
		<ElapsedMinutes>0</ElapsedMinutes>
	</Testing>
</Site>
